#
# A fatal error has been detected by the Java Runtime Environment:
#
#  EXCEPTION_ACCESS_VIOLATION (0xc0000005) at pc=0x00007ffbd5f866e3, pid=258412, tid=0x000000000003f1ec
#
# JRE version: Java(TM) SE Runtime Environment (8.0_111-b14) (build 1.8.0_111-b14)
# Java VM: Java HotSpot(TM) 64-Bit Server VM (25.111-b14 mixed mode windows-amd64 compressed oops)
# Problematic frame:
# C  [lwjgl_stb.dll+0x366e3]
#
# Failed to write core dump. Minidumps are not enabled by default on client versions of Windows
#
# If you would like to submit a bug report, please visit:
#   http://bugreport.java.com/bugreport/crash.jsp
# The crash happened outside the Java Virtual Machine in native code.
# See problematic frame for where to report the bug.
#

---------------  T H R E A D  ---------------

Current thread (0x0000000002802800):  JavaThread "main" [_thread_in_native, id=258540, stack(0x00000000026f0000,0x00000000027f0000)]

siginfo: ExceptionCode=0xc0000005, writing address 0x0000000000000000

Registers:
RAX=0x0000000000008002, RBX=0x0000000000000240, RCX=0x0000000000000002, RDX=0x0000000000dea350
RSP=0x00000000027ef348, RBP=0x0000000000000001, RSI=0x00000000ffff8000, RDI=0x0000000000000000
R8 =0x0000000000000240, R9 =0x0000000000000004, R10=0x0000000000dea358, R11=0x0000000000000090
R12=0x0000000000000240, R13=0x0000000000000700, R14=0xffffffffe7931d70, R15=0x00000000194c10e0
RIP=0x00007ffbd5f866e3, EFLAGS=0x0000000000010297

Top of Stack: (sp=0x00000000027ef348)
0x00000000027ef348:   00007ffbd5f87245 0000000000000001
0x00000000027ef358:   00000000194c10e0 0000000043c00002
0x00000000027ef368:   0000000000000000 0000000000000008
0x00000000027ef378:   0000000000000400 0000000000000400
0x00000000027ef388:   00000000027ef3c0 0000000000000400
0x00000000027ef398:   00000000194c10e0 0000000017005780
0x00000000027ef3a8:   0000000000000000 0000000000df2af0
0x00000000027ef3b8:   00007ffbd5f877d8 0000000000000000
0x00000000027ef3c8:   0000000000000400 0000000000000000
0x00000000027ef3d8:   0000000000000240 0000000000df2e50
0x00000000027ef3e8:   00000000000001c0 0000000000000240
0x00000000027ef3f8:   0000000002802800 0000000002802800
0x00000000027ef408:   00000000027ef4f8 00000000194c10e0
0x00000000027ef418:   0000000002917f74 0000000000df2ed0
0x00000000027ef428:   0000000000200021 0000000017005780
0x00000000027ef438:   00000000027ef4b0 00000000194c10e0 

Instructions: (pc=0x00007ffbd5f866e3)
0x00007ffbd5f866c3:   18 81 c1 00 00 40 bc 8d 81 00 80 00 00 3d ff ff
0x00007ffbd5f866d3:   00 00 76 0c 85 c9 b8 ff 7f 00 00 0f 48 c6 8b c8
0x00007ffbd5f866e3:   66 41 89 49 fc f3 41 0f 10 42 fc f3 0f 58 c1 f3
0x00007ffbd5f866f3:   0f 11 44 24 18 8b 4c 24 18 81 c1 00 00 40 bc 8d 


Register to memory mapping:

RAX=0x0000000000008002 is an unknown value
RBX=0x0000000000000240 is an unknown value
RCX=0x0000000000000002 is an unknown value
RDX=0x0000000000dea350 is an unknown value
RSP=0x00000000027ef348 is pointing into the stack for thread: 0x0000000002802800
RBP=0x0000000000000001 is an unknown value
RSI=0x00000000ffff8000 is an unallocated location in the heap
RDI=0x0000000000000000 is an unknown value
R8 =0x0000000000000240 is an unknown value
R9 =0x0000000000000004 is an unknown value
R10=0x0000000000dea358 is an unknown value
R11=0x0000000000000090 is an unknown value
R12=0x0000000000000240 is an unknown value
R13=0x0000000000000700 is an unknown value
R14=0xffffffffe7931d70 is an unknown value
R15=0x00000000194c10e0 is an unknown value


Stack: [0x00000000026f0000,0x00000000027f0000],  sp=0x00000000027ef348,  free space=1020k
Native frames: (J=compiled Java code, j=interpreted, Vv=VM code, C=native code)
C  [lwjgl_stb.dll+0x366e3]
C  [lwjgl_stb.dll+0x37245]
C  [lwjgl_stb.dll+0x377d8]
C  0x0000000002917f74

Java frames: (J=compiled Java code, j=interpreted, Vv=VM code)
j  org.lwjgl.stb.STBVorbis.nstb_vorbis_get_samples_short(JIJI)I+0
j  org.lwjgl.stb.STBVorbis.stb_vorbis_get_samples_short(JLorg/lwjgl/PointerBuffer;I)I+21
j  music.SoundStream.<init>(Ljava/lang/String;)V+146
j  music.Music.main([Ljava/lang/String;)V+76
v  ~StubRoutines::call_stub

---------------  P R O C E S S  ---------------

Java Threads: ( => current thread )
  0x0000000018dc0800 JavaThread "Service Thread" daemon [_thread_blocked, id=257244, stack(0x0000000019190000,0x0000000019290000)]
  0x0000000017456800 JavaThread "C1 CompilerThread2" daemon [_thread_blocked, id=249624, stack(0x0000000018c90000,0x0000000018d90000)]
  0x0000000017453000 JavaThread "C2 CompilerThread1" daemon [_thread_blocked, id=257408, stack(0x0000000018b90000,0x0000000018c90000)]
  0x0000000017451000 JavaThread "C2 CompilerThread0" daemon [_thread_blocked, id=258176, stack(0x0000000018a90000,0x0000000018b90000)]
  0x000000001744f000 JavaThread "Attach Listener" daemon [_thread_blocked, id=258416, stack(0x0000000018990000,0x0000000018a90000)]
  0x000000001744e000 JavaThread "Signal Dispatcher" daemon [_thread_blocked, id=258748, stack(0x0000000018890000,0x0000000018990000)]
  0x0000000017440000 JavaThread "Finalizer" daemon [_thread_blocked, id=257452, stack(0x00000000186a0000,0x00000000187a0000)]
  0x0000000017419000 JavaThread "Reference Handler" daemon [_thread_blocked, id=257544, stack(0x00000000185a0000,0x00000000186a0000)]
=>0x0000000002802800 JavaThread "main" [_thread_in_native, id=258540, stack(0x00000000026f0000,0x00000000027f0000)]

Other Threads:
  0x0000000017417800 VMThread [stack: 0x00000000184a0000,0x00000000185a0000] [id=258976]
  0x0000000018de7000 WatcherThread [stack: 0x0000000019290000,0x0000000019390000] [id=258820]

VM state:not at safepoint (normal execution)

VM Mutex/Monitor currently owned by a thread: None

Heap:
 PSYoungGen      total 38400K, used 8682K [0x00000000d5d80000, 0x00000000d8800000, 0x0000000100000000)
  eden space 33280K, 26% used [0x00000000d5d80000,0x00000000d65faba8,0x00000000d7e00000)
  from space 5120K, 0% used [0x00000000d8300000,0x00000000d8300000,0x00000000d8800000)
  to   space 5120K, 0% used [0x00000000d7e00000,0x00000000d7e00000,0x00000000d8300000)
 ParOldGen       total 87552K, used 0K [0x0000000081800000, 0x0000000086d80000, 0x00000000d5d80000)
  object space 87552K, 0% used [0x0000000081800000,0x0000000081800000,0x0000000086d80000)
 Metaspace       used 6358K, capacity 6564K, committed 6784K, reserved 1056768K
  class space    used 707K, capacity 811K, committed 896K, reserved 1048576K

Card table byte_map: [0x0000000011cc0000,0x00000000120c0000] byte_map_base: 0x00000000118b4000

Marking Bits: (ParMarkBitMap*) 0x00000000559da6c0
 Begin Bits: [0x0000000012770000, 0x0000000014710000)
 End Bits:   [0x0000000014710000, 0x00000000166b0000)

Polling page: 0x00000000009e0000

CodeCache: size=245760Kb used=2401Kb max_used=2405Kb free=243358Kb
 bounds [0x0000000002900000, 0x0000000002b70000, 0x0000000011900000]
 total_blobs=1237 nmethods=551 adapters=599
 compilation: enabled

Compilation events (10 events):
Event: 0.490 Thread 0x0000000017456800  547       3       java.nio.ByteOrder::nativeOrder (4 bytes)
Event: 0.490 Thread 0x0000000017456800 nmethod 547 0x0000000002b59010 code [0x0000000002b59180, 0x0000000002b59330]
Event: 0.490 Thread 0x0000000017456800  548       3       java.nio.ByteBuffer::order (48 bytes)
Event: 0.491 Thread 0x0000000017456800 nmethod 548 0x0000000002b58b50 code [0x0000000002b58cc0, 0x0000000002b58f50]
Event: 0.493 Thread 0x0000000017456800  549       3       java.lang.ref.WeakReference::<init> (7 bytes)
Event: 0.493 Thread 0x0000000017456800 nmethod 549 0x0000000002b58650 code [0x0000000002b587c0, 0x0000000002b58a70]
Event: 0.493 Thread 0x0000000017456800  550       3       java.lang.String::concat (47 bytes)
Event: 0.494 Thread 0x0000000017456800 nmethod 550 0x0000000002b57950 code [0x0000000002b57b20, 0x0000000002b582d8]
Event: 0.494 Thread 0x0000000017456800  551       3       java.lang.String::getChars (16 bytes)
Event: 0.494 Thread 0x0000000017456800 nmethod 551 0x0000000002b57510 code [0x0000000002b57680, 0x0000000002b57888]

GC Heap History (0 events):
No events

Deoptimization events (1 events):
Event: 0.128 Thread 0x0000000002802800 Uncommon trap: reason=unstable_if action=reinterpret pc=0x0000000002a286f8 method=java.lang.String.hashCode()I @ 14

Internal exceptions (9 events):
Event: 0.031 Thread 0x0000000002802800 Exception <a 'java/lang/NoSuchMethodError': Method sun.misc.Unsafe.defineClass(Ljava/lang/String;[BII)Ljava/lang/Class; name or signature does not match> (0x00000000d5d87c78) thrown at [C:\re\workspace\8-2-build-windows-amd64-cygwin\jdk8u111\7883\hotspot\
Event: 0.031 Thread 0x0000000002802800 Exception <a 'java/lang/NoSuchMethodError': Method sun.misc.Unsafe.prefetchRead(Ljava/lang/Object;J)V name or signature does not match> (0x00000000d5d87f60) thrown at [C:\re\workspace\8-2-build-windows-amd64-cygwin\jdk8u111\7883\hotspot\src\share\vm\prims
Event: 0.159 Thread 0x0000000002802800 Exception <a 'java/lang/NoSuchMethodError': java.lang.Object.lambda$static$0(Ljava/lang/String;)Ljava/lang/Boolean;> (0x00000000d60385c8) thrown at [C:\re\workspace\8-2-build-windows-amd64-cygwin\jdk8u111\7883\hotspot\src\share\vm\interpreter\linkResolver
Event: 0.172 Thread 0x0000000002802800 Exception <a 'java/lang/NoSuchFieldError': method resolution failed> (0x00000000d60b03c0) thrown at [C:\re\workspace\8-2-build-windows-amd64-cygwin\jdk8u111\7883\hotspot\src\share\vm\prims\methodHandles.cpp, line 1146]
Event: 0.174 Thread 0x0000000002802800 Exception <a 'java/lang/NoSuchFieldError': method resolution failed> (0x00000000d60bd7c0) thrown at [C:\re\workspace\8-2-build-windows-amd64-cygwin\jdk8u111\7883\hotspot\src\share\vm\prims\methodHandles.cpp, line 1146]
Event: 0.247 Thread 0x0000000002802800 Exception <a 'java/security/PrivilegedActionException'> (0x00000000d62622e8) thrown at [C:\re\workspace\8-2-build-windows-amd64-cygwin\jdk8u111\7883\hotspot\src\share\vm\prims\jvm.cpp, line 1386]
Event: 0.247 Thread 0x0000000002802800 Exception <a 'java/security/PrivilegedActionException'> (0x00000000d62624f8) thrown at [C:\re\workspace\8-2-build-windows-amd64-cygwin\jdk8u111\7883\hotspot\src\share\vm\prims\jvm.cpp, line 1386]
Event: 0.247 Thread 0x0000000002802800 Exception <a 'java/security/PrivilegedActionException'> (0x00000000d62663e0) thrown at [C:\re\workspace\8-2-build-windows-amd64-cygwin\jdk8u111\7883\hotspot\src\share\vm\prims\jvm.cpp, line 1386]
Event: 0.247 Thread 0x0000000002802800 Exception <a 'java/security/PrivilegedActionException'> (0x00000000d62665f0) thrown at [C:\re\workspace\8-2-build-windows-amd64-cygwin\jdk8u111\7883\hotspot\src\share\vm\prims\jvm.cpp, line 1386]

Events (10 events):
Event: 0.490 loading class org/lwjgl/system/jemalloc/JEmalloc$Functions
Event: 0.490 loading class org/lwjgl/system/jemalloc/JEmalloc$Functions done
Event: 0.492 loading class org/lwjgl/stb/STBVorbisInfo
Event: 0.492 loading class org/lwjgl/stb/STBVorbisInfo done
Event: 0.492 loading class org/lwjgl/system/Struct
Event: 0.492 loading class org/lwjgl/system/Struct done
Event: 0.493 loading class org/lwjgl/system/Struct$Member
Event: 0.493 loading class org/lwjgl/system/Struct$Member done
Event: 0.494 loading class org/lwjgl/system/Struct$Layout
Event: 0.494 loading class org/lwjgl/system/Struct$Layout done


Dynamic libraries:
0x00007ff704970000 - 0x00007ff7049a7000 	C:\Program Files\Java\jdk1.8.0_111\bin\java.exe
0x00007ffc00070000 - 0x00007ffc0024b000 	C:\WINDOWS\SYSTEM32\ntdll.dll
0x00007ffbf9120000 - 0x00007ffbf9153000 	C:\Program Files\AVAST Software\Avast\x64\aswhooka.dll
0x00007ffbffa40000 - 0x00007ffbffaee000 	C:\WINDOWS\System32\KERNEL32.DLL
0x00007ffbfd1d0000 - 0x00007ffbfd419000 	C:\WINDOWS\System32\KERNELBASE.dll
0x00007ffbfd5d0000 - 0x00007ffbfd671000 	C:\WINDOWS\System32\ADVAPI32.dll
0x00007ffbfd8a0000 - 0x00007ffbfd93d000 	C:\WINDOWS\System32\msvcrt.dll
0x00007ffbfdf10000 - 0x00007ffbfdf69000 	C:\WINDOWS\System32\sechost.dll
0x00007ffbff540000 - 0x00007ffbff665000 	C:\WINDOWS\System32\RPCRT4.dll
0x00007ffbff6e0000 - 0x00007ffbff82a000 	C:\WINDOWS\System32\USER32.dll
0x00007ffbfd5b0000 - 0x00007ffbfd5ce000 	C:\WINDOWS\System32\win32u.dll
0x00007ffbfff90000 - 0x00007ffbfffb7000 	C:\WINDOWS\System32\GDI32.dll
0x00007ffbfd420000 - 0x00007ffbfd5a8000 	C:\WINDOWS\System32\gdi32full.dll
0x00007ffbfd020000 - 0x00007ffbfd0ba000 	C:\WINDOWS\System32\msvcp_win.dll
0x00007ffbfc820000 - 0x00007ffbfc916000 	C:\WINDOWS\System32\ucrtbase.dll
0x00007ffbf2950000 - 0x00007ffbf2bb7000 	C:\WINDOWS\WinSxS\amd64_microsoft.windows.common-controls_6595b64144ccf1df_6.0.15063.483_none_26002d27e7c744a2\COMCTL32.dll
0x00007ffbffaf0000 - 0x00007ffbffde9000 	C:\WINDOWS\System32\combase.dll
0x00007ffbfc5e0000 - 0x00007ffbfc64a000 	C:\WINDOWS\System32\bcryptPrimitives.dll
0x00007ffbfffc0000 - 0x00007ffbfffed000 	C:\WINDOWS\System32\IMM32.DLL
0x00000000550e0000 - 0x00000000551b2000 	C:\Program Files\Java\jdk1.8.0_111\jre\bin\msvcr100.dll
0x00000000551c0000 - 0x0000000055a5a000 	C:\Program Files\Java\jdk1.8.0_111\jre\bin\server\jvm.dll
0x00007ffbfdab0000 - 0x00007ffbfdab8000 	C:\WINDOWS\System32\PSAPI.DLL
0x00007ffbe97e0000 - 0x00007ffbe97e9000 	C:\WINDOWS\SYSTEM32\WSOCK32.dll
0x00007ffbff670000 - 0x00007ffbff6dc000 	C:\WINDOWS\System32\WS2_32.dll
0x00007ffbf3bd0000 - 0x00007ffbf3bf3000 	C:\WINDOWS\SYSTEM32\WINMM.dll
0x00007ffbf3910000 - 0x00007ffbf391a000 	C:\WINDOWS\SYSTEM32\VERSION.dll
0x00007ffbf3b70000 - 0x00007ffbf3b9b000 	C:\WINDOWS\SYSTEM32\WINMMBASE.dll
0x00007ffbfc590000 - 0x00007ffbfc5d9000 	C:\WINDOWS\System32\cfgmgr32.dll
0x0000000055090000 - 0x000000005509f000 	C:\Program Files\Java\jdk1.8.0_111\jre\bin\verify.dll
0x0000000055060000 - 0x0000000055089000 	C:\Program Files\Java\jdk1.8.0_111\jre\bin\java.dll
0x0000000055040000 - 0x0000000055056000 	C:\Program Files\Java\jdk1.8.0_111\jre\bin\zip.dll
0x00007ffbfe100000 - 0x00007ffbff536000 	C:\WINDOWS\System32\SHELL32.dll
0x00007ffbfdfd0000 - 0x00007ffbfe07a000 	C:\WINDOWS\System32\shcore.dll
0x00007ffbfc920000 - 0x00007ffbfd013000 	C:\WINDOWS\System32\windows.storage.dll
0x00007ffbfd940000 - 0x00007ffbfd991000 	C:\WINDOWS\System32\shlwapi.dll
0x00007ffbfc570000 - 0x00007ffbfc581000 	C:\WINDOWS\System32\kernel.appcore.dll
0x00007ffbfc4e0000 - 0x00007ffbfc52c000 	C:\WINDOWS\System32\powrprof.dll
0x00007ffbfc530000 - 0x00007ffbfc545000 	C:\WINDOWS\System32\profapi.dll
0x0000000055020000 - 0x000000005503a000 	C:\Program Files\Java\jdk1.8.0_111\jre\bin\net.dll
0x00007ffbfbd90000 - 0x00007ffbfbdec000 	C:\WINDOWS\system32\mswsock.dll
0x0000000055000000 - 0x0000000055011000 	C:\Program Files\Java\jdk1.8.0_111\jre\bin\nio.dll
0x00007ffbdebb0000 - 0x00007ffbdec07000 	C:\Users\Tavokrapen\AppData\Local\Temp\lwjglTavokrapen\3.1.2-build-29\lwjgl.dll
0x00007ffbda020000 - 0x00007ffbda110000 	C:\Users\TAVOKR~1\AppData\Local\Temp\lwjglTavokrapen\3.1.2-build-29\OpenAL.dll
0x00007ffbff8f0000 - 0x00007ffbffa35000 	C:\WINDOWS\System32\ole32.dll
0x00007ffbfade0000 - 0x00007ffbfae75000 	C:\WINDOWS\system32\uxtheme.dll
0x00007ffbdd440000 - 0x00007ffbdd459000 	C:\Users\Tavokrapen\AppData\Roaming\Seznam.cz\bin\9763libfoxloader-x64.dll
0x00007ffbfd690000 - 0x00007ffbfd72e000 	C:\WINDOWS\System32\clbcatq.dll
0x00007ffbf6c70000 - 0x00007ffbf6e06000 	C:\WINDOWS\System32\PROPSYS.dll
0x00007ffbff830000 - 0x00007ffbff8f0000 	C:\WINDOWS\System32\OLEAUT32.dll
0x00007ffbf65a0000 - 0x00007ffbf6607000 	C:\WINDOWS\System32\MMDevApi.dll
0x00007ffbfaf10000 - 0x00007ffbfaf38000 	C:\WINDOWS\System32\DEVOBJ.dll
0x00007ffbf5770000 - 0x00007ffbf5875000 	C:\WINDOWS\SYSTEM32\AUDIOSES.DLL
0x00007ffbf9250000 - 0x00007ffbf9389000 	C:\WINDOWS\SYSTEM32\wintypes.dll
0x00007ffbf8d70000 - 0x00007ffbf8d7b000 	C:\WINDOWS\SYSTEM32\AVRT.dll
0x00007ffbd5f50000 - 0x00007ffbd5fc7000 	C:\Users\Tavokrapen\AppData\Local\Temp\lwjglTavokrapen\3.1.2-build-29\lwjgl_stb.dll
0x00007ffbda240000 - 0x00007ffbda27c000 	C:\Users\TAVOKR~1\AppData\Local\Temp\lwjglTavokrapen\3.1.2-build-29\jemalloc.dll
0x00007ffbf7d30000 - 0x00007ffbf7ed9000 	C:\WINDOWS\SYSTEM32\dbghelp.dll

VM Arguments:
jvm_args: -Dfile.encoding=UTF-8 -Djava.library.path=C:\Portable\LWJGL\lwjgl-3.1.2\native\windows 
java_command: music.Music
java_class_path (initial): C:\Portable\LWJGL\lwjgl-3.1.2\classpath\lwjgl-assimp.jar;C:\Portable\LWJGL\lwjgl-3.1.2\classpath\lwjgl-bgfx.jar;C:\Portable\LWJGL\lwjgl-3.1.2\classpath\lwjgl-egl.jar;C:\Portable\LWJGL\lwjgl-3.1.2\classpath\lwjgl-glfw.jar;C:\Portable\LWJGL\lwjgl-3.1.2\classpath\lwjgl-jawt.jar;C:\Portable\LWJGL\lwjgl-3.1.2\classpath\lwjgl-jemalloc.jar;C:\Portable\LWJGL\lwjgl-3.1.2\classpath\lwjgl-lmdb.jar;C:\Portable\LWJGL\lwjgl-3.1.2\classpath\lwjgl-nanovg.jar;C:\Portable\LWJGL\lwjgl-3.1.2\classpath\lwjgl-nfd.jar;C:\Portable\LWJGL\lwjgl-3.1.2\classpath\lwjgl-nuklear.jar;C:\Portable\LWJGL\lwjgl-3.1.2\classpath\lwjgl-openal.jar;C:\Portable\LWJGL\lwjgl-3.1.2\classpath\lwjgl-opencl.jar;C:\Portable\LWJGL\lwjgl-3.1.2\classpath\lwjgl-opengl.jar;C:\Portable\LWJGL\lwjgl-3.1.2\classpath\lwjgl-opengles.jar;C:\Portable\LWJGL\lwjgl-3.1.2\classpath\lwjgl-openvr.jar;C:\Portable\LWJGL\lwjgl-3.1.2\classpath\lwjgl-ovr.jar;C:\Portable\LWJGL\lwjgl-3.1.2\classpath\lwjgl-par.jar;C:\Portable\LWJGL\lwjgl-3.1.2\classpath\lwjgl-sse.jar;C:\Portable\LWJGL\lwjgl-3.1.2\classpath\lwjgl-stb.jar;C:\Portable\LWJGL\lwjgl-3.1.2\classpath\lwjgl-tinyexr.jar;C:\Portable\LWJGL\lwjgl-3.1.2\classpath\lwjgl-tinyfd.jar;C:\Portable\LWJGL\lwjgl-3.1.2\classpath\lwjgl-vulkan.jar;C:\Portable\LWJGL\lwjgl-3.1.2\classpath\lwjgl-xxhash.jar;C:\Portable\LWJGL\lwjgl-3.1.2\classpath\lwjgl-yoga.jar;C:\Portable\LWJGL\lwjgl-3.1.2\classpath\lwjgl.jar;C:\Portable\LWJGL\lwjgl-3.1.2\native\windows\lwjgl-assimp-natives-windows.jar;C:\Portable\LWJGL\lwjgl-3.1.2\native\windows\lwjgl-bgfx-natives-windows.jar;C:\Portable\LWJGL\lwjgl-3.1.2\native\windows\lwjgl-glfw-natives-windows.jar;C:\Portable\LWJGL\lwjgl-3.1.2\native\windows\lwjgl-jemalloc-natives-windows.jar;C:\Portable\LWJGL\lwjgl-3.1.2\native\windows\lwjgl-lmdb-natives-windows.jar;C:\Portable\LWJGL\lwjgl-3.1.2\native\windows\lwjgl-nanovg-natives-windows.jar;C:\Portable\LWJGL\lwjgl-3.1.2\native\windows\lwjgl-natives-windows.jar;C:\Portable\LWJGL\lwjgl-3.1.2\native\win
Launcher Type: SUN_STANDARD

Environment Variables:
PATH=c:\programdata\oracle\java\javapath;c:\windows\system32;c:\windows;c:\windows\system32\wbem;c:\windows\system32\windowspowershell\v1.0\;C:\Program Files (x86)\NVIDIA Corporation\PhysX\Common;C:\Program Files (x86)\GtkSharp\2.12\bin;%SystemRoot%\system32;%SystemRoot%;%SystemRoot%\System32\Wbem;%SYSTEMROOT%\System32\WindowsPowerShell\v1.0\;C:\Users\Tavokrapen\AppData\Local\Microsoft\WindowsApps;
USERNAME=Tavokrapen
OS=Windows_NT
PROCESSOR_IDENTIFIER=Intel64 Family 6 Model 58 Stepping 9, GenuineIntel



---------------  S Y S T E M  ---------------

OS: Windows 10.0 , 64 bit Build 15063 (10.0.15063.296)

CPU:total 4 (2 cores per cpu, 2 threads per core) family 6 model 58 stepping 9, cmov, cx8, fxsr, mmx, sse, sse2, sse3, ssse3, sse4.1, sse4.2, popcnt, avx, aes, clmul, erms, ht, tsc, tscinvbit, tscinv

Memory: 4k page, physical 8288616k(1294252k free), swap 15890792k(6023112k free)

vm_info: Java HotSpot(TM) 64-Bit Server VM (25.111-b14) for windows-amd64 JRE (1.8.0_111-b14), built on Sep 22 2016 19:24:05 by "java_re" with MS VC++ 10.0 (VS2010)

time: Thu Sep 14 23:09:57 2017
elapsed time: 0 seconds (0d 0h 0m 0s)

