#
# A fatal error has been detected by the Java Runtime Environment:
#
#  EXCEPTION_ACCESS_VIOLATION (0xc0000005) at pc=0x00007ffbda0c66e3, pid=256660, tid=0x000000000003f1b8
#
# JRE version: Java(TM) SE Runtime Environment (8.0_111-b14) (build 1.8.0_111-b14)
# Java VM: Java HotSpot(TM) 64-Bit Server VM (25.111-b14 mixed mode windows-amd64 compressed oops)
# Problematic frame:
# C  [lwjgl_stb.dll+0x366e3]
#
# Failed to write core dump. Minidumps are not enabled by default on client versions of Windows
#
# If you would like to submit a bug report, please visit:
#   http://bugreport.java.com/bugreport/crash.jsp
# The crash happened outside the Java Virtual Machine in native code.
# See problematic frame for where to report the bug.
#

---------------  T H R E A D  ---------------

Current thread (0x0000000002982800):  JavaThread "main" [_thread_in_native, id=258488, stack(0x0000000002880000,0x0000000002980000)]

siginfo: ExceptionCode=0xc0000005, writing address 0x0000000000000000

Registers:
RAX=0x0000000000008002, RBX=0x0000000000000004, RCX=0x0000000000000002, RDX=0x0000000000fda2c0
RSP=0x000000000297f308, RBP=0x0000000000000001, RSI=0x00000000ffff8000, RDI=0x0000000000000000
R8 =0x0000000000000004, R9 =0x0000000000000004, R10=0x0000000000fda2c8, R11=0x0000000000000001
R12=0x0000000000000004, R13=0x0000000000000700, R14=0xffffffffe793ac20, R15=0x00000000196a81a0
RIP=0x00007ffbda0c66e3, EFLAGS=0x0000000000010297

Top of Stack: (sp=0x000000000297f308)
0x000000000297f308:   00007ffbda0c7245 0000000000000001
0x000000000297f318:   00000000196a81a0 0000000043c00002
0x000000000297f328:   0000000000000000 0000000000000008
0x000000000297f338:   0000000000000400 0000000000000400
0x000000000297f348:   000000000297f380 0000000000000400
0x000000000297f358:   00000000196a81a0 00000000171c5780
0x000000000297f368:   0000000000000000 0000000000fe2a60
0x000000000297f378:   00007ffbda0c77d8 0000000000000000
0x000000000297f388:   0000000000000004 0000000000000000
0x000000000297f398:   0000000000000004 0000000000fe2dc0
0x000000000297f3a8:   00000000000001c0 0000000000000004
0x000000000297f3b8:   0000000002982800 0000000002982800
0x000000000297f3c8:   000000000297f4b8 00000000196a81a0
0x000000000297f3d8:   0000000002aa7f74 0000000000fe2e40
0x000000000297f3e8:   0000000000200021 00000000171c5780
0x000000000297f3f8:   000000000297f470 00000000196a81a0 

Instructions: (pc=0x00007ffbda0c66e3)
0x00007ffbda0c66c3:   18 81 c1 00 00 40 bc 8d 81 00 80 00 00 3d ff ff
0x00007ffbda0c66d3:   00 00 76 0c 85 c9 b8 ff 7f 00 00 0f 48 c6 8b c8
0x00007ffbda0c66e3:   66 41 89 49 fc f3 41 0f 10 42 fc f3 0f 58 c1 f3
0x00007ffbda0c66f3:   0f 11 44 24 18 8b 4c 24 18 81 c1 00 00 40 bc 8d 


Register to memory mapping:

RAX=0x0000000000008002 is an unknown value
RBX=0x0000000000000004 is an unknown value
RCX=0x0000000000000002 is an unknown value
RDX=0x0000000000fda2c0 is an unknown value
RSP=0x000000000297f308 is pointing into the stack for thread: 0x0000000002982800
RBP=0x0000000000000001 is an unknown value
RSI=0x00000000ffff8000 is an unallocated location in the heap
RDI=0x0000000000000000 is an unknown value
R8 =0x0000000000000004 is an unknown value
R9 =0x0000000000000004 is an unknown value
R10=0x0000000000fda2c8 is an unknown value
R11=0x0000000000000001 is an unknown value
R12=0x0000000000000004 is an unknown value
R13=0x0000000000000700 is an unknown value
R14=0xffffffffe793ac20 is an unknown value
R15=0x00000000196a81a0 is an unknown value


Stack: [0x0000000002880000,0x0000000002980000],  sp=0x000000000297f308,  free space=1020k
Native frames: (J=compiled Java code, j=interpreted, Vv=VM code, C=native code)
C  [lwjgl_stb.dll+0x366e3]
C  [lwjgl_stb.dll+0x37245]
C  [lwjgl_stb.dll+0x377d8]
C  0x0000000002aa7f74

Java frames: (J=compiled Java code, j=interpreted, Vv=VM code)
j  org.lwjgl.stb.STBVorbis.nstb_vorbis_get_samples_short(JIJI)I+0
j  org.lwjgl.stb.STBVorbis.stb_vorbis_get_samples_short(JLorg/lwjgl/PointerBuffer;I)I+21
j  music.SoundStream.<init>(Ljava/lang/String;)V+144
j  music.Music.main([Ljava/lang/String;)V+76
v  ~StubRoutines::call_stub

---------------  P R O C E S S  ---------------

Java Threads: ( => current thread )
  0x000000001766d800 JavaThread "Service Thread" daemon [_thread_blocked, id=256612, stack(0x0000000019370000,0x0000000019470000)]
  0x000000001761b800 JavaThread "C1 CompilerThread2" daemon [_thread_blocked, id=257172, stack(0x0000000018e70000,0x0000000018f70000)]
  0x0000000017614000 JavaThread "C2 CompilerThread1" daemon [_thread_blocked, id=258424, stack(0x0000000018d70000,0x0000000018e70000)]
  0x0000000017612000 JavaThread "C2 CompilerThread0" daemon [_thread_blocked, id=258384, stack(0x0000000018c70000,0x0000000018d70000)]
  0x0000000017610000 JavaThread "Attach Listener" daemon [_thread_blocked, id=258900, stack(0x0000000018b70000,0x0000000018c70000)]
  0x000000001760f000 JavaThread "Signal Dispatcher" daemon [_thread_blocked, id=258908, stack(0x0000000018a70000,0x0000000018b70000)]
  0x00000000175fa800 JavaThread "Finalizer" daemon [_thread_blocked, id=258888, stack(0x0000000018870000,0x0000000018970000)]
  0x00000000175d9000 JavaThread "Reference Handler" daemon [_thread_blocked, id=258668, stack(0x0000000018770000,0x0000000018870000)]
=>0x0000000002982800 JavaThread "main" [_thread_in_native, id=258488, stack(0x0000000002880000,0x0000000002980000)]

Other Threads:
  0x00000000175d7800 VMThread [stack: 0x0000000018670000,0x0000000018770000] [id=258476]
  0x0000000018fc8000 WatcherThread [stack: 0x0000000019470000,0x0000000019570000] [id=258184]

VM state:not at safepoint (normal execution)

VM Mutex/Monitor currently owned by a thread: None

Heap:
 PSYoungGen      total 38400K, used 8682K [0x00000000d5d80000, 0x00000000d8800000, 0x0000000100000000)
  eden space 33280K, 26% used [0x00000000d5d80000,0x00000000d65faba8,0x00000000d7e00000)
  from space 5120K, 0% used [0x00000000d8300000,0x00000000d8300000,0x00000000d8800000)
  to   space 5120K, 0% used [0x00000000d7e00000,0x00000000d7e00000,0x00000000d8300000)
 ParOldGen       total 87552K, used 0K [0x0000000081800000, 0x0000000086d80000, 0x00000000d5d80000)
  object space 87552K, 0% used [0x0000000081800000,0x0000000081800000,0x0000000086d80000)
 Metaspace       used 6363K, capacity 6564K, committed 6784K, reserved 1056768K
  class space    used 707K, capacity 811K, committed 896K, reserved 1048576K

Card table byte_map: [0x0000000011e50000,0x0000000012250000] byte_map_base: 0x0000000011a44000

Marking Bits: (ParMarkBitMap*) 0x00000000559da6c0
 Begin Bits: [0x0000000012900000, 0x00000000148a0000)
 End Bits:   [0x00000000148a0000, 0x0000000016840000)

Polling page: 0x0000000002850000

CodeCache: size=245760Kb used=2408Kb max_used=2412Kb free=243351Kb
 bounds [0x0000000002a90000, 0x0000000002d00000, 0x0000000011a90000]
 total_blobs=1238 nmethods=552 adapters=599
 compilation: enabled

Compilation events (10 events):
Event: 0.470 Thread 0x000000001761b800  548       3       java.nio.ByteOrder::nativeOrder (4 bytes)
Event: 0.470 Thread 0x000000001761b800 nmethod 548 0x0000000002ce66d0 code [0x0000000002ce6840, 0x0000000002ce69f0]
Event: 0.470 Thread 0x000000001761b800  549       3       java.nio.ByteBuffer::order (48 bytes)
Event: 0.470 Thread 0x000000001761b800 nmethod 549 0x0000000002cea890 code [0x0000000002ceaa00, 0x0000000002ceac90]
Event: 0.473 Thread 0x000000001761b800  550       3       java.lang.ref.WeakReference::<init> (7 bytes)
Event: 0.473 Thread 0x000000001761b800 nmethod 550 0x0000000002cea390 code [0x0000000002cea500, 0x0000000002cea7b0]
Event: 0.474 Thread 0x000000001761b800  551       3       java.lang.String::concat (47 bytes)
Event: 0.475 Thread 0x000000001761b800 nmethod 551 0x0000000002ce9690 code [0x0000000002ce9860, 0x0000000002cea018]
Event: 0.475 Thread 0x000000001761b800  552       3       java.lang.String::getChars (16 bytes)
Event: 0.475 Thread 0x000000001761b800 nmethod 552 0x0000000002ce9250 code [0x0000000002ce93c0, 0x0000000002ce95c8]

GC Heap History (0 events):
No events

Deoptimization events (1 events):
Event: 0.149 Thread 0x0000000002982800 Uncommon trap: reason=unstable_if action=reinterpret pc=0x0000000002bb9f38 method=java.lang.String.hashCode()I @ 14

Internal exceptions (9 events):
Event: 0.032 Thread 0x0000000002982800 Exception <a 'java/lang/NoSuchMethodError': Method sun.misc.Unsafe.defineClass(Ljava/lang/String;[BII)Ljava/lang/Class; name or signature does not match> (0x00000000d5d87c78) thrown at [C:\re\workspace\8-2-build-windows-amd64-cygwin\jdk8u111\7883\hotspot\
Event: 0.032 Thread 0x0000000002982800 Exception <a 'java/lang/NoSuchMethodError': Method sun.misc.Unsafe.prefetchRead(Ljava/lang/Object;J)V name or signature does not match> (0x00000000d5d87f60) thrown at [C:\re\workspace\8-2-build-windows-amd64-cygwin\jdk8u111\7883\hotspot\src\share\vm\prims
Event: 0.180 Thread 0x0000000002982800 Exception <a 'java/lang/NoSuchMethodError': java.lang.Object.lambda$static$0(Ljava/lang/String;)Ljava/lang/Boolean;> (0x00000000d60385c8) thrown at [C:\re\workspace\8-2-build-windows-amd64-cygwin\jdk8u111\7883\hotspot\src\share\vm\interpreter\linkResolver
Event: 0.196 Thread 0x0000000002982800 Exception <a 'java/lang/NoSuchFieldError': method resolution failed> (0x00000000d60b03c0) thrown at [C:\re\workspace\8-2-build-windows-amd64-cygwin\jdk8u111\7883\hotspot\src\share\vm\prims\methodHandles.cpp, line 1146]
Event: 0.197 Thread 0x0000000002982800 Exception <a 'java/lang/NoSuchFieldError': method resolution failed> (0x00000000d60bd7c0) thrown at [C:\re\workspace\8-2-build-windows-amd64-cygwin\jdk8u111\7883\hotspot\src\share\vm\prims\methodHandles.cpp, line 1146]
Event: 0.264 Thread 0x0000000002982800 Exception <a 'java/security/PrivilegedActionException'> (0x00000000d62622e8) thrown at [C:\re\workspace\8-2-build-windows-amd64-cygwin\jdk8u111\7883\hotspot\src\share\vm\prims\jvm.cpp, line 1386]
Event: 0.264 Thread 0x0000000002982800 Exception <a 'java/security/PrivilegedActionException'> (0x00000000d62624f8) thrown at [C:\re\workspace\8-2-build-windows-amd64-cygwin\jdk8u111\7883\hotspot\src\share\vm\prims\jvm.cpp, line 1386]
Event: 0.265 Thread 0x0000000002982800 Exception <a 'java/security/PrivilegedActionException'> (0x00000000d62663e0) thrown at [C:\re\workspace\8-2-build-windows-amd64-cygwin\jdk8u111\7883\hotspot\src\share\vm\prims\jvm.cpp, line 1386]
Event: 0.265 Thread 0x0000000002982800 Exception <a 'java/security/PrivilegedActionException'> (0x00000000d62665f0) thrown at [C:\re\workspace\8-2-build-windows-amd64-cygwin\jdk8u111\7883\hotspot\src\share\vm\prims\jvm.cpp, line 1386]

Events (10 events):
Event: 0.469 loading class org/lwjgl/system/jemalloc/JEmalloc$Functions
Event: 0.469 loading class org/lwjgl/system/jemalloc/JEmalloc$Functions done
Event: 0.472 loading class org/lwjgl/stb/STBVorbisInfo
Event: 0.472 loading class org/lwjgl/stb/STBVorbisInfo done
Event: 0.473 loading class org/lwjgl/system/Struct
Event: 0.473 loading class org/lwjgl/system/Struct done
Event: 0.474 loading class org/lwjgl/system/Struct$Member
Event: 0.474 loading class org/lwjgl/system/Struct$Member done
Event: 0.475 loading class org/lwjgl/system/Struct$Layout
Event: 0.475 loading class org/lwjgl/system/Struct$Layout done


Dynamic libraries:
0x00007ff704970000 - 0x00007ff7049a7000 	C:\Program Files\Java\jdk1.8.0_111\bin\java.exe
0x00007ffc00070000 - 0x00007ffc0024b000 	C:\WINDOWS\SYSTEM32\ntdll.dll
0x00007ffbf9120000 - 0x00007ffbf9153000 	C:\Program Files\AVAST Software\Avast\x64\aswhooka.dll
0x00007ffbffa40000 - 0x00007ffbffaee000 	C:\WINDOWS\System32\KERNEL32.DLL
0x00007ffbfd1d0000 - 0x00007ffbfd419000 	C:\WINDOWS\System32\KERNELBASE.dll
0x00007ffbfd5d0000 - 0x00007ffbfd671000 	C:\WINDOWS\System32\ADVAPI32.dll
0x00007ffbfd8a0000 - 0x00007ffbfd93d000 	C:\WINDOWS\System32\msvcrt.dll
0x00007ffbfdf10000 - 0x00007ffbfdf69000 	C:\WINDOWS\System32\sechost.dll
0x00007ffbff540000 - 0x00007ffbff665000 	C:\WINDOWS\System32\RPCRT4.dll
0x00007ffbff6e0000 - 0x00007ffbff82a000 	C:\WINDOWS\System32\USER32.dll
0x00007ffbfd5b0000 - 0x00007ffbfd5ce000 	C:\WINDOWS\System32\win32u.dll
0x00007ffbfff90000 - 0x00007ffbfffb7000 	C:\WINDOWS\System32\GDI32.dll
0x00007ffbfd420000 - 0x00007ffbfd5a8000 	C:\WINDOWS\System32\gdi32full.dll
0x00007ffbfd020000 - 0x00007ffbfd0ba000 	C:\WINDOWS\System32\msvcp_win.dll
0x00007ffbfc820000 - 0x00007ffbfc916000 	C:\WINDOWS\System32\ucrtbase.dll
0x00007ffbf2950000 - 0x00007ffbf2bb7000 	C:\WINDOWS\WinSxS\amd64_microsoft.windows.common-controls_6595b64144ccf1df_6.0.15063.483_none_26002d27e7c744a2\COMCTL32.dll
0x00007ffbffaf0000 - 0x00007ffbffde9000 	C:\WINDOWS\System32\combase.dll
0x00007ffbfc5e0000 - 0x00007ffbfc64a000 	C:\WINDOWS\System32\bcryptPrimitives.dll
0x00007ffbfffc0000 - 0x00007ffbfffed000 	C:\WINDOWS\System32\IMM32.DLL
0x00000000550e0000 - 0x00000000551b2000 	C:\Program Files\Java\jdk1.8.0_111\jre\bin\msvcr100.dll
0x00000000551c0000 - 0x0000000055a5a000 	C:\Program Files\Java\jdk1.8.0_111\jre\bin\server\jvm.dll
0x00007ffbfdab0000 - 0x00007ffbfdab8000 	C:\WINDOWS\System32\PSAPI.DLL
0x00007ffbe97e0000 - 0x00007ffbe97e9000 	C:\WINDOWS\SYSTEM32\WSOCK32.dll
0x00007ffbff670000 - 0x00007ffbff6dc000 	C:\WINDOWS\System32\WS2_32.dll
0x00007ffbf3bd0000 - 0x00007ffbf3bf3000 	C:\WINDOWS\SYSTEM32\WINMM.dll
0x00007ffbf3910000 - 0x00007ffbf391a000 	C:\WINDOWS\SYSTEM32\VERSION.dll
0x00007ffbf3b70000 - 0x00007ffbf3b9b000 	C:\WINDOWS\SYSTEM32\WINMMBASE.dll
0x00007ffbfc590000 - 0x00007ffbfc5d9000 	C:\WINDOWS\System32\cfgmgr32.dll
0x0000000055090000 - 0x000000005509f000 	C:\Program Files\Java\jdk1.8.0_111\jre\bin\verify.dll
0x0000000055060000 - 0x0000000055089000 	C:\Program Files\Java\jdk1.8.0_111\jre\bin\java.dll
0x0000000055040000 - 0x0000000055056000 	C:\Program Files\Java\jdk1.8.0_111\jre\bin\zip.dll
0x00007ffbfe100000 - 0x00007ffbff536000 	C:\WINDOWS\System32\SHELL32.dll
0x00007ffbfdfd0000 - 0x00007ffbfe07a000 	C:\WINDOWS\System32\shcore.dll
0x00007ffbfc920000 - 0x00007ffbfd013000 	C:\WINDOWS\System32\windows.storage.dll
0x00007ffbfd940000 - 0x00007ffbfd991000 	C:\WINDOWS\System32\shlwapi.dll
0x00007ffbfc570000 - 0x00007ffbfc581000 	C:\WINDOWS\System32\kernel.appcore.dll
0x00007ffbfc4e0000 - 0x00007ffbfc52c000 	C:\WINDOWS\System32\powrprof.dll
0x00007ffbfc530000 - 0x00007ffbfc545000 	C:\WINDOWS\System32\profapi.dll
0x0000000055020000 - 0x000000005503a000 	C:\Program Files\Java\jdk1.8.0_111\jre\bin\net.dll
0x00007ffbfbd90000 - 0x00007ffbfbdec000 	C:\WINDOWS\system32\mswsock.dll
0x0000000055000000 - 0x0000000055011000 	C:\Program Files\Java\jdk1.8.0_111\jre\bin\nio.dll
0x00007ffbdebb0000 - 0x00007ffbdec07000 	C:\Users\Tavokrapen\AppData\Local\Temp\lwjglTavokrapen\3.1.2-build-29\lwjgl.dll
0x00007ffbda3e0000 - 0x00007ffbda4d0000 	C:\Users\TAVOKR~1\AppData\Local\Temp\lwjglTavokrapen\3.1.2-build-29\OpenAL.dll
0x00007ffbff8f0000 - 0x00007ffbffa35000 	C:\WINDOWS\System32\ole32.dll
0x00007ffbfade0000 - 0x00007ffbfae75000 	C:\WINDOWS\system32\uxtheme.dll
0x00007ffbdd440000 - 0x00007ffbdd459000 	C:\Users\Tavokrapen\AppData\Roaming\Seznam.cz\bin\9763libfoxloader-x64.dll
0x00007ffbfd690000 - 0x00007ffbfd72e000 	C:\WINDOWS\System32\clbcatq.dll
0x00007ffbf6c70000 - 0x00007ffbf6e06000 	C:\WINDOWS\System32\PROPSYS.dll
0x00007ffbff830000 - 0x00007ffbff8f0000 	C:\WINDOWS\System32\OLEAUT32.dll
0x00007ffbf65a0000 - 0x00007ffbf6607000 	C:\WINDOWS\System32\MMDevApi.dll
0x00007ffbfaf10000 - 0x00007ffbfaf38000 	C:\WINDOWS\System32\DEVOBJ.dll
0x00007ffbf5770000 - 0x00007ffbf5875000 	C:\WINDOWS\SYSTEM32\AUDIOSES.DLL
0x00007ffbf9250000 - 0x00007ffbf9389000 	C:\WINDOWS\SYSTEM32\wintypes.dll
0x00007ffbf8d70000 - 0x00007ffbf8d7b000 	C:\WINDOWS\SYSTEM32\AVRT.dll
0x00007ffbda090000 - 0x00007ffbda107000 	C:\Users\Tavokrapen\AppData\Local\Temp\lwjglTavokrapen\3.1.2-build-29\lwjgl_stb.dll
0x00007ffbda3a0000 - 0x00007ffbda3dc000 	C:\Users\TAVOKR~1\AppData\Local\Temp\lwjglTavokrapen\3.1.2-build-29\jemalloc.dll
0x00007ffbf7d30000 - 0x00007ffbf7ed9000 	C:\WINDOWS\SYSTEM32\dbghelp.dll

VM Arguments:
jvm_args: -Dfile.encoding=UTF-8 -Djava.library.path=C:\Portable\LWJGL\lwjgl-3.1.2\native\windows 
java_command: music.Music
java_class_path (initial): C:\Portable\LWJGL\lwjgl-3.1.2\classpath\lwjgl-assimp.jar;C:\Portable\LWJGL\lwjgl-3.1.2\classpath\lwjgl-bgfx.jar;C:\Portable\LWJGL\lwjgl-3.1.2\classpath\lwjgl-egl.jar;C:\Portable\LWJGL\lwjgl-3.1.2\classpath\lwjgl-glfw.jar;C:\Portable\LWJGL\lwjgl-3.1.2\classpath\lwjgl-jawt.jar;C:\Portable\LWJGL\lwjgl-3.1.2\classpath\lwjgl-jemalloc.jar;C:\Portable\LWJGL\lwjgl-3.1.2\classpath\lwjgl-lmdb.jar;C:\Portable\LWJGL\lwjgl-3.1.2\classpath\lwjgl-nanovg.jar;C:\Portable\LWJGL\lwjgl-3.1.2\classpath\lwjgl-nfd.jar;C:\Portable\LWJGL\lwjgl-3.1.2\classpath\lwjgl-nuklear.jar;C:\Portable\LWJGL\lwjgl-3.1.2\classpath\lwjgl-openal.jar;C:\Portable\LWJGL\lwjgl-3.1.2\classpath\lwjgl-opencl.jar;C:\Portable\LWJGL\lwjgl-3.1.2\classpath\lwjgl-opengl.jar;C:\Portable\LWJGL\lwjgl-3.1.2\classpath\lwjgl-opengles.jar;C:\Portable\LWJGL\lwjgl-3.1.2\classpath\lwjgl-openvr.jar;C:\Portable\LWJGL\lwjgl-3.1.2\classpath\lwjgl-ovr.jar;C:\Portable\LWJGL\lwjgl-3.1.2\classpath\lwjgl-par.jar;C:\Portable\LWJGL\lwjgl-3.1.2\classpath\lwjgl-sse.jar;C:\Portable\LWJGL\lwjgl-3.1.2\classpath\lwjgl-stb.jar;C:\Portable\LWJGL\lwjgl-3.1.2\classpath\lwjgl-tinyexr.jar;C:\Portable\LWJGL\lwjgl-3.1.2\classpath\lwjgl-tinyfd.jar;C:\Portable\LWJGL\lwjgl-3.1.2\classpath\lwjgl-vulkan.jar;C:\Portable\LWJGL\lwjgl-3.1.2\classpath\lwjgl-xxhash.jar;C:\Portable\LWJGL\lwjgl-3.1.2\classpath\lwjgl-yoga.jar;C:\Portable\LWJGL\lwjgl-3.1.2\classpath\lwjgl.jar;C:\Portable\LWJGL\lwjgl-3.1.2\native\windows\lwjgl-assimp-natives-windows.jar;C:\Portable\LWJGL\lwjgl-3.1.2\native\windows\lwjgl-bgfx-natives-windows.jar;C:\Portable\LWJGL\lwjgl-3.1.2\native\windows\lwjgl-glfw-natives-windows.jar;C:\Portable\LWJGL\lwjgl-3.1.2\native\windows\lwjgl-jemalloc-natives-windows.jar;C:\Portable\LWJGL\lwjgl-3.1.2\native\windows\lwjgl-lmdb-natives-windows.jar;C:\Portable\LWJGL\lwjgl-3.1.2\native\windows\lwjgl-nanovg-natives-windows.jar;C:\Portable\LWJGL\lwjgl-3.1.2\native\windows\lwjgl-natives-windows.jar;C:\Portable\LWJGL\lwjgl-3.1.2\native\win
Launcher Type: SUN_STANDARD

Environment Variables:
PATH=c:\programdata\oracle\java\javapath;c:\windows\system32;c:\windows;c:\windows\system32\wbem;c:\windows\system32\windowspowershell\v1.0\;C:\Program Files (x86)\NVIDIA Corporation\PhysX\Common;C:\Program Files (x86)\GtkSharp\2.12\bin;%SystemRoot%\system32;%SystemRoot%;%SystemRoot%\System32\Wbem;%SYSTEMROOT%\System32\WindowsPowerShell\v1.0\;C:\Users\Tavokrapen\AppData\Local\Microsoft\WindowsApps;
USERNAME=Tavokrapen
OS=Windows_NT
PROCESSOR_IDENTIFIER=Intel64 Family 6 Model 58 Stepping 9, GenuineIntel



---------------  S Y S T E M  ---------------

OS: Windows 10.0 , 64 bit Build 15063 (10.0.15063.296)

CPU:total 4 (2 cores per cpu, 2 threads per core) family 6 model 58 stepping 9, cmov, cx8, fxsr, mmx, sse, sse2, sse3, ssse3, sse4.1, sse4.2, popcnt, avx, aes, clmul, erms, ht, tsc, tscinvbit, tscinv

Memory: 4k page, physical 8288616k(1302164k free), swap 15890792k(6029112k free)

vm_info: Java HotSpot(TM) 64-Bit Server VM (25.111-b14) for windows-amd64 JRE (1.8.0_111-b14), built on Sep 22 2016 19:24:05 by "java_re" with MS VC++ 10.0 (VS2010)

time: Thu Sep 14 23:10:25 2017
elapsed time: 0 seconds (0d 0h 0m 0s)

